2019-11-24 19:17:44,660  Wrong APP KEY
2019-11-24 19:18:43,125  Wrong APP KEY
2019-11-24 19:18:43,540  Wrong APP KEY
2019-11-24 19:18:43,718  Wrong APP KEY
2019-11-24 19:18:43,719  Wrong APP KEY
2019-11-24 19:18:43,836  Wrong APP KEY
2019-11-24 19:18:44,020  Wrong APP KEY
2019-11-24 19:18:44,074  Wrong APP KEY
2019-11-24 19:19:07,612  Wrong APP KEY
2019-11-24 19:21:01,026  Door opened...
2019-11-24 19:21:35,764  Wrong APP KEY
2019-11-24 19:23:58,471  Disconnected! Trying to reconnect!
2019-11-24 19:25:21,585  Main exception: [Errno 22] Invalid argument
2019-11-24 19:25:21,586  Main exception: [Errno 22] Invalid argument
2019-11-24 19:25:21,588  Main exception: [Errno 22] Invalid argument
2019-11-24 19:25:21,590  Main exception: [Errno 22] Invalid argument
2019-11-24 19:25:21,592  Main exception: [Errno 22] Invalid argument
2019-11-24 19:25:21,595  Main exception: [Errno 22] Invalid argument
2019-11-24 19:25:21,613  Main exception: [Errno 22] Invalid argument
2019-11-24 19:25:21,616  Main exception: [Errno 22] Invalid argument
2019-11-24 19:25:21,619  Main exception: [Errno 22] Invalid argument
2019-11-24 19:25:21,621  Main exception: [Errno 22] Invalid argument
2019-11-24 19:25:21,622  Main exception: [Errno 22] Invalid argument
2019-11-24 19:25:21,624  Main exception: [Errno 22] Invalid argument
2019-11-24 19:25:21,627  Main exception: [Errno 22] Invalid argument
2019-11-24 19:25:21,630  Main exception: [Errno 22] Invalid argument
2019-11-24 19:25:21,633  Main exception: [Errno 22] Invalid argument
2019-11-24 19:25:21,636  Main exception: [Errno 22] Invalid argument
2019-11-24 19:25:21,638  Main exception: [Errno 22] Invalid argument
2019-11-24 19:25:21,642  Main exception: [Errno 22] Invalid argument
2019-11-24 19:25:21,646  Main exception: [Errno 22] Invalid argument
2019-11-24 19:25:21,676  Main exception: [Errno 22] Invalid argument
2019-11-24 19:25:21,683  Main exception: [Errno 22] Invalid argument
2019-11-24 19:25:21,685  Main exception: [Errno 22] Invalid argument
2019-11-24 19:25:21,714  Main exception: [Errno 22] Invalid argument
2019-11-24 19:25:21,719  Main exception: [Errno 22] Invalid argument
2019-11-24 19:25:21,750  Main exception: [Errno 22] Invalid argument
2019-11-24 19:25:21,753  Main exception: [Errno 22] Invalid argument
2019-11-24 19:25:22,080  Main exception: [Errno 22] Invalid argument
2019-11-24 19:25:22,084  Main exception: [Errno 22] Invalid argument
2019-11-24 19:25:22,087  Main exception: [Errno 22] Invalid argument
2019-11-24 19:25:22,116  Main exception: [Errno 22] Invalid argument
2019-11-24 19:25:22,119  Main exception: [Errno 22] Invalid argument
2019-11-24 19:25:22,231  Main exception: [Errno 22] Invalid argument
2019-11-24 19:25:22,237  Main exception: [Errno 22] Invalid argument
2019-11-24 19:25:22,241  Main exception: [Errno 22] Invalid argument
2019-11-24 19:25:22,256  Main exception: [Errno 22] Invalid argument
2019-11-24 19:25:22,259  Main exception: [Errno 22] Invalid argument
2019-11-24 19:25:22,283  Main exception: [Errno 22] Invalid argument
2019-11-24 19:25:22,286  Main exception: [Errno 22] Invalid argument
2019-11-24 19:25:22,290  Main exception: [Errno 22] Invalid argument
2019-11-24 19:25:22,294  Main exception: [Errno 22] Invalid argument
2019-11-24 19:25:22,520  Main exception: [Errno 22] Invalid argument
2019-11-24 19:25:22,822  Main exception: [Errno 22] Invalid argument
2019-11-24 19:25:22,885  Main exception: [Errno 22] Invalid argument
2019-11-24 19:25:22,922  Main exception: [Errno 22] Invalid argument
2019-11-24 19:25:23,466  Main exception: [Errno 22] Invalid argument
2019-11-24 19:25:23,530  Main exception: [Errno 22] Invalid argument
2019-11-24 19:25:23,533  Main exception: [Errno 22] Invalid argument
2019-11-24 19:25:23,828  Main exception: [Errno 22] Invalid argument
2019-11-24 19:25:23,832  Main exception: [Errno 22] Invalid argument
2019-11-24 19:25:23,836  Main exception: [Errno 22] Invalid argument
2019-11-24 19:25:23,840  Main exception: [Errno 22] Invalid argument
2019-11-24 19:25:23,846  Main exception: [Errno 22] Invalid argument
2019-11-24 19:25:23,851  Main exception: [Errno 22] Invalid argument
2019-11-24 19:25:23,861  Main exception: [Errno 22] Invalid argument
2019-11-24 19:25:23,865  Main exception: [Errno 22] Invalid argument
2019-11-24 19:25:24,591  Main exception: [Errno 22] Invalid argument
2019-11-24 19:25:24,595  Main exception: [Errno 22] Invalid argument
2019-11-24 19:25:24,600  Main exception: [Errno 22] Invalid argument
2019-11-24 19:25:24,638  Main exception: [Errno 22] Invalid argument
2019-11-24 19:25:24,665  Main exception: [Errno 22] Invalid argument
2019-11-24 19:25:24,670  Main exception: [Errno 22] Invalid argument
2019-11-24 19:25:24,689  Main exception: [Errno 22] Invalid argument
2019-11-24 19:25:24,694  Main exception: [Errno 22] Invalid argument
2019-11-24 19:25:24,736  Main exception: [Errno 22] Invalid argument
2019-11-24 19:25:24,936  Main exception: [Errno 22] Invalid argument
2019-11-24 19:25:24,941  Main exception: [Errno 22] Invalid argument
2019-11-24 19:25:24,946  Main exception: [Errno 22] Invalid argument
2019-11-24 19:25:24,968  Main exception: [Errno 22] Invalid argument
2019-11-24 19:25:24,974  Main exception: [Errno 22] Invalid argument
2019-11-24 19:25:24,980  Main exception: [Errno 22] Invalid argument
2019-11-24 19:25:24,985  Main exception: [Errno 22] Invalid argument
2019-11-24 19:25:25,026  Main exception: [Errno 22] Invalid argument
2019-11-24 19:25:25,180  Main exception: [Errno 22] Invalid argument
2019-11-24 19:25:25,281  Main exception: [Errno 22] Invalid argument
2019-11-24 19:25:25,287  Main exception: [Errno 22] Invalid argument
2019-11-24 19:25:25,317  Main exception: [Errno 22] Invalid argument
2019-11-24 19:25:25,323  Main exception: [Errno 22] Invalid argument
2019-11-24 19:25:25,366  Main exception: [Errno 22] Invalid argument
2019-11-24 19:25:25,372  Main exception: [Errno 22] Invalid argument
2019-11-24 19:25:25,379  Main exception: [Errno 22] Invalid argument
2019-11-24 19:25:25,617  Main exception: [Errno 22] Invalid argument
2019-11-24 19:25:26,133  Main exception: [Errno 22] Invalid argument
2019-11-24 19:25:26,139  Main exception: [Errno 22] Invalid argument
2019-11-24 19:25:26,145  Main exception: [Errno 22] Invalid argument
2019-11-24 19:25:26,152  Main exception: [Errno 22] Invalid argument
2019-11-24 19:25:26,159  Main exception: [Errno 22] Invalid argument
2019-11-24 19:25:26,175  Main exception: [Errno 22] Invalid argument
2019-11-24 19:25:26,216  Main exception: [Errno 22] Invalid argument
2019-11-24 19:25:27,206  Main exception: [Errno 22] Invalid argument
2019-11-24 19:25:27,514  Main exception: [Errno 22] Invalid argument
2019-11-24 19:25:27,521  Main exception: [Errno 22] Invalid argument
2019-11-24 19:25:27,528  Main exception: [Errno 22] Invalid argument
2019-11-24 19:25:27,599  Main exception: [Errno 22] Invalid argument
2019-11-24 19:25:27,605  Main exception: [Errno 22] Invalid argument
2019-11-24 19:25:27,991  Main exception: [Errno 22] Invalid argument
2019-11-24 19:25:27,997  Main exception: [Errno 22] Invalid argument
2019-11-24 19:25:28,033  Main exception: [Errno 22] Invalid argument
2019-11-24 19:25:31,224  Main exception: [Errno 22] Invalid argument
2019-11-24 19:25:31,531  Main exception: [Errno 22] Invalid argument
2019-11-24 19:25:31,580  Main exception: [Errno 22] Invalid argument
2019-11-24 19:25:31,938  Main exception: [Errno 22] Invalid argument
2019-11-24 19:25:32,087  Main exception: [Errno 22] Invalid argument
2019-11-24 19:25:32,617  Main exception: [Errno 22] Invalid argument
2019-11-24 19:25:32,625  Main exception: [Errno 22] Invalid argument
2019-11-24 19:25:32,632  Main exception: [Errno 22] Invalid argument
2019-11-24 19:25:32,639  Main exception: [Errno 22] Invalid argument
2019-11-24 19:25:32,646  Main exception: [Errno 22] Invalid argument
2019-11-24 19:25:32,895  Main exception: [Errno 22] Invalid argument
2019-11-24 19:25:32,901  Main exception: [Errno 22] Invalid argument
2019-11-24 19:25:32,908  Main exception: [Errno 22] Invalid argument
2019-11-24 19:25:32,915  Main exception: [Errno 22] Invalid argument
2019-11-24 19:27:39,378  InvalidMessage! Trying to connect to server.....!
2019-11-24 19:27:44,378  ConnectionRefusedError! Trying to connect to server.....!
2019-11-24 19:27:49,379  ConnectionRefusedError! Trying to connect to server.....!
2019-11-24 19:27:54,379  ConnectionRefusedError! Trying to connect to server.....!
2019-11-24 19:27:59,380  ConnectionRefusedError! Trying to connect to server.....!
2019-11-24 19:28:54,215  Wrong APP KEY
2019-11-24 19:29:06,475  Wrong APP KEY
2019-11-24 19:29:16,010  Door opened...
2019-11-24 19:29:16,561  Door opened...
2019-11-24 19:29:16,796  Door opened...
2019-11-24 19:37:56,845  Disconnected! Trying to reconnect!
2019-11-24 19:38:03,751  Disconnected! Trying to reconnect!
2019-11-24 19:38:56,687  Disconnected! Trying to reconnect!
